<?xml version="1.0" encoding="UTF-8" ?>
<testsuite tests="3" failures="1" name="TestSuite" time="0.596" errors="0" skipped="0">
  <properties>
[...]
</properties>
  <testcase classname="myTest.mytest.NewTest" name="f" time="0.003"/>
  <testcase classname="myTest.mytest.myTestNg" name="f1" time="0.002">
    <failure message="expected [b] but found [a]" type="java.lang.AssertionError">java.lang.AssertionError: expected [b] but found [a]
	at org.testng.Assert.fail(Assert.java:96)
	at org.testng.Assert.failNotEquals(Assert.java:776)
	at org.testng.Assert.assertEqualsImpl(Assert.java:137)
	at org.testng.Assert.assertEquals(Assert.java:118)
	at org.testng.Assert.assertEquals(Assert.java:453)
	at org.testng.Assert.assertEquals(Assert.java:463)
	at myTest.mytest.myTestNg.f1(myTestNg.java:9)
</failure>
  </testcase>
  <testcase classname="myTest.mytest.myTestNg" name="f2" time="0"/>
</testsuite>